1546250869.990314:WARNING:Y: 0
1546250869.990314:WARNING:Y: 3
1546250869.991315:WARNING:Y: 6
1546250870.799576:WARNING:Y: 0
1546250870.800541:WARNING:Y: 3
1546250870.800541:WARNING:Y: 6
1546250871.494944:WARNING:Y: 0
1546250871.494944:WARNING:Y: 3
1546250871.495948:WARNING:Y: 6
1546250872.037165:WARNING:Y: 0
1546250872.038165:WARNING:Y: 3
1546250872.038165:WARNING:Y: 6
1546250873.135642:WARNING:Y: 0
1546250873.150640:WARNING:Y: 3
1546250873.150640:WARNING:Y: 6
1546251286.707024:WARNING:Y: 0
1546251286.707024:WARNING:Y: 3
1546251286.707024:WARNING:Y: 6
1546251287.746273:WARNING:Y: 0
1546251287.747273:WARNING:Y: 3
1546251287.747273:WARNING:Y: 6
1546251289.983573:WARNING:Y: 0
1546251289.984573:WARNING:Y: 3
1546251289.984573:WARNING:Y: 6
1546251292.794195:WARNING:Y: 0
1546251292.794195:WARNING:Y: 3
1546251292.795200:WARNING:Y: 6
1546251293.604313:WARNING:Y: 0
1546251293.605315:WARNING:Y: 3
1546251293.605315:WARNING:Y: 6
1546251294.300233:WARNING:Y: 0
1546251294.300233:WARNING:Y: 3
1546251294.301234:WARNING:Y: 6
1546251294.917756:WARNING:Y: 0
1546251294.918758:WARNING:Y: 3
1546251294.918758:WARNING:Y: 6
